2021-11-18 15:51:30,831 - root - INFO - Number of reference intervals: 247
2021-11-18 15:51:30,831 - root - INFO - Number of query intervals: 6521
2021-11-18 15:51:30,831 - root - INFO - Number of chromosomes: 24
2021-11-18 15:51:30,848 - root - INFO - Overlap count: 9
2021-11-18 15:52:44,139 - root - INFO - Number of reference intervals: 247
2021-11-18 15:52:44,139 - root - INFO - Number of query intervals: 6521
2021-11-18 15:52:44,139 - root - INFO - Number of chromosomes: 24
2021-11-18 15:52:44,158 - root - INFO - Overlap count: 9
2021-11-18 15:53:07,417 - root - INFO - Number of reference intervals: 247
2021-11-18 15:53:07,417 - root - INFO - Number of query intervals: 6521
2021-11-18 15:53:07,417 - root - INFO - Number of chromosomes: 24
2021-11-18 15:53:07,437 - root - INFO - Overlap count: 9
2021-11-18 15:53:33,419 - root - INFO - Number of reference intervals: 247
2021-11-18 15:53:33,419 - root - INFO - Number of query intervals: 6521
2021-11-18 15:53:44,108 - root - INFO - Number of reference intervals: 247
2021-11-18 15:53:44,108 - root - INFO - Number of query intervals: 6521
2021-11-18 15:53:44,108 - root - INFO - Number of chromosomes: 24
2021-11-18 15:53:44,134 - root - INFO - Overlap count: 9
2021-11-18 15:54:30,165 - root - INFO - Number of reference intervals: 247
2021-11-18 15:54:30,166 - root - INFO - Number of query intervals: 6521
2021-11-18 15:54:30,166 - root - INFO - Number of chromosomes: 24
2021-11-18 15:54:30,183 - root - INFO - Overlap count: 9
2021-11-18 15:54:43,912 - root - INFO - Number of reference intervals: 247
2021-11-18 15:54:43,912 - root - INFO - Number of query intervals: 6521
2021-11-18 15:54:43,912 - root - INFO - Number of chromosomes: 24
2021-11-18 15:54:43,930 - root - INFO - Overlap count: 9
2021-11-18 15:54:44,575 - root - INFO - p-value: 1.0000000000068616
2021-11-18 15:55:33,146 - root - INFO - Number of reference intervals: 6521
2021-11-18 15:55:33,147 - root - INFO - Number of query intervals: 247
2021-11-18 15:55:33,147 - root - INFO - Number of chromosomes: 24
2021-11-18 15:55:33,164 - root - INFO - Overlap count: 20
2021-11-18 15:58:10,023 - root - INFO - Number of reference intervals: 6521
2021-11-18 15:58:10,023 - root - INFO - Number of query intervals: 247
2021-11-18 15:58:10,023 - root - INFO - Number of chromosomes: 24
2021-11-18 15:58:10,043 - root - INFO - Overlap count: 20
2021-11-18 16:34:11,281 - root - INFO - Number of reference intervals: 6521
2021-11-18 16:34:11,281 - root - INFO - Number of query intervals: 247
2021-11-18 16:34:11,281 - root - INFO - Number of chromosomes: 24
2021-11-18 16:34:11,282 - root - INFO - Overlap count: 54
2021-11-18 16:34:11,479 - root - INFO - p-value: 0.00020210773272075455
2021-11-18 16:34:17,429 - root - INFO - Number of reference intervals: 6521
2021-11-18 16:34:17,430 - root - INFO - Number of query intervals: 247
2021-11-18 16:34:17,430 - root - INFO - Number of chromosomes: 24
2021-11-18 16:34:17,431 - root - INFO - Overlap count: 54
2021-11-18 16:34:17,622 - root - INFO - p-value: 0.00020210773272075455
2021-11-18 17:09:35,536 - root - INFO - Number of reference intervals: 6521
2021-11-18 17:09:35,536 - root - INFO - Number of query intervals: 247
2021-11-18 17:09:35,536 - root - INFO - Number of chromosomes: 24
2021-11-18 17:09:35,537 - root - INFO - Overlap count: 54
2021-11-18 17:09:35,733 - root - INFO - p-value: 0.00020210773272075455
2021-11-18 17:17:00,998 - root - INFO - Number of reference intervals: 6521
2021-11-18 17:17:00,998 - root - INFO - Number of query intervals: 247
2021-11-18 17:17:00,998 - root - INFO - Number of chromosomes: 24
2021-11-18 17:17:00,999 - root - INFO - Overlap count: 54
2021-11-18 17:17:01,190 - root - INFO - p-value: 0.00020210773272075455
2021-11-18 17:17:05,027 - root - INFO - Number of reference intervals: 6521
2021-11-18 17:17:05,027 - root - INFO - Number of query intervals: 247
2021-11-18 17:17:05,027 - root - INFO - Number of chromosomes: 24
2021-11-18 17:17:05,029 - root - INFO - Overlap count: 54
2021-11-18 17:17:05,220 - root - INFO - p-value: 0.00020210773272075455
2021-11-21 10:36:37,460 - root - INFO - Loading reference interval set from 'tcga_intervals.txt'...
2021-11-21 10:36:37,468 - root - INFO - Loading query interval set from 'hirt_intervals.txt'...
2021-11-21 10:36:37,468 - root - INFO - Loading chromosome sizes from 'chr_sizes.txt'...
2021-11-21 10:36:37,469 - root - INFO - Number of reference intervals: 6521
2021-11-21 10:36:37,469 - root - INFO - Number of query intervals: 247
2021-11-21 10:36:37,469 - root - INFO - Number of chromosomes: 24
2021-11-21 10:36:37,471 - root - INFO - Overlap count: 54
2021-11-21 10:43:09,768 - root - INFO - Loading reference interval set from 'tcga_intervals.txt'...
2021-11-21 10:43:09,775 - root - INFO - Loading query interval set from 'hirt_intervals.txt'...
2021-11-21 10:43:09,775 - root - INFO - Loading chromosome sizes from 'chr_sizes.txt'...
2021-11-21 10:43:09,775 - root - INFO - Number of reference intervals: 6521
2021-11-21 10:43:09,775 - root - INFO - Number of query intervals: 247
2021-11-21 10:43:09,775 - root - INFO - Number of chromosomes: 24
2021-11-21 10:43:09,777 - root - INFO - Overlap count: 54
2021-11-21 10:43:10,537 - root - INFO - Loading reference interval set from 'tcga_intervals.txt'...
2021-11-21 10:43:10,544 - root - INFO - Loading query interval set from 'hirt_intervals.txt'...
2021-11-21 10:43:10,544 - root - INFO - Loading chromosome sizes from 'chr_sizes.txt'...
2021-11-21 10:43:10,544 - root - INFO - Number of reference intervals: 6521
2021-11-21 10:43:10,544 - root - INFO - Number of query intervals: 247
2021-11-21 10:43:10,544 - root - INFO - Number of chromosomes: 24
2021-11-21 10:43:10,546 - root - INFO - Overlap count: 54
2022-01-13 17:31:59,246 - root - INFO - Loading reference interval set from 'tcga_intervals.txt'...
2022-01-13 17:31:59,252 - root - INFO - Loading query interval set from 'hirt_intervals.txt'...
2022-01-13 17:31:59,253 - root - INFO - Loading chromosome sizes from 'chr_sizes.txt'...
2022-01-13 17:31:59,256 - root - INFO - Number of reference intervals: 101 (6521 before merging)
2022-01-13 17:31:59,256 - root - INFO - Number of query intervals: 116 (247 before merging)
2022-01-13 17:31:59,256 - root - INFO - Number of chromosomes: 24
2022-01-13 17:31:59,256 - root - INFO - Overlap count: 54
2022-01-13 17:31:59,256 - root - DEBUG - Started computing sf for chromosome 'chr1'...
2022-01-13 17:31:59,256 - root - DEBUG - m=9, n=18
2022-01-13 17:31:59,258 - root - DEBUG - Started computing sf for chromosome 'chr2'...
2022-01-13 17:31:59,258 - root - DEBUG - m=0, n=7
2022-01-13 17:31:59,258 - root - DEBUG - Started computing sf for chromosome 'chr3'...
2022-01-13 17:31:59,259 - root - DEBUG - m=3, n=8
2022-01-13 17:31:59,259 - root - DEBUG - Started computing sf for chromosome 'chr4'...
2022-01-13 17:31:59,259 - root - DEBUG - m=2, n=3
2022-01-13 17:31:59,259 - root - DEBUG - Started computing sf for chromosome 'chr5'...
2022-01-13 17:31:59,259 - root - DEBUG - m=10, n=2
2022-01-13 17:31:59,262 - root - DEBUG - Processing 10-th line out of 10 rows of DP table...
2022-01-13 17:31:59,262 - root - DEBUG - Started computing sf for chromosome 'chr6'...
2022-01-13 17:31:59,262 - root - DEBUG - m=2, n=7
2022-01-13 17:31:59,262 - root - DEBUG - Started computing sf for chromosome 'chr7'...
2022-01-13 17:31:59,262 - root - DEBUG - m=3, n=7
2022-01-13 17:31:59,263 - root - DEBUG - Started computing sf for chromosome 'chr8'...
2022-01-13 17:31:59,263 - root - DEBUG - m=5, n=7
2022-01-13 17:31:59,264 - root - DEBUG - Started computing sf for chromosome 'chr9'...
2022-01-13 17:31:59,264 - root - DEBUG - m=0, n=4
2022-01-13 17:31:59,264 - root - DEBUG - Started computing sf for chromosome 'chr10'...
2022-01-13 17:31:59,264 - root - DEBUG - m=1, n=4
2022-01-13 17:31:59,264 - root - DEBUG - Started computing sf for chromosome 'chr11'...
2022-01-13 17:31:59,264 - root - DEBUG - m=9, n=11
2022-01-13 17:31:59,266 - root - DEBUG - Started computing sf for chromosome 'chr12'...
2022-01-13 17:31:59,266 - root - DEBUG - m=16, n=12
2022-01-13 17:31:59,270 - root - DEBUG - Processing 10-th line out of 16 rows of DP table...
2022-01-13 17:31:59,272 - root - DEBUG - Started computing sf for chromosome 'chr13'...
2022-01-13 17:31:59,272 - root - DEBUG - m=0, n=1
2022-01-13 17:31:59,272 - root - DEBUG - Started computing sf for chromosome 'chr14'...
2022-01-13 17:31:59,272 - root - DEBUG - m=3, n=1
2022-01-13 17:31:59,272 - root - DEBUG - Started computing sf for chromosome 'chr15'...
2022-01-13 17:31:59,272 - root - DEBUG - m=0, n=3
2022-01-13 17:31:59,272 - root - DEBUG - Started computing sf for chromosome 'chr16'...
2022-01-13 17:31:59,273 - root - DEBUG - m=0, n=3
2022-01-13 17:31:59,273 - root - DEBUG - Started computing sf for chromosome 'chr17'...
2022-01-13 17:31:59,273 - root - DEBUG - m=18, n=8
2022-01-13 17:31:59,280 - root - DEBUG - Processing 10-th line out of 18 rows of DP table...
2022-01-13 17:31:59,282 - root - DEBUG - Started computing sf for chromosome 'chr18'...
2022-01-13 17:31:59,282 - root - DEBUG - m=1, n=1
2022-01-13 17:31:59,282 - root - DEBUG - Started computing sf for chromosome 'chr19'...
2022-01-13 17:31:59,282 - root - DEBUG - m=6, n=3
2022-01-13 17:31:59,283 - root - DEBUG - Started computing sf for chromosome 'chr20'...
2022-01-13 17:31:59,283 - root - DEBUG - m=11, n=3
2022-01-13 17:31:59,286 - root - DEBUG - Processing 10-th line out of 11 rows of DP table...
2022-01-13 17:31:59,286 - root - DEBUG - Started computing sf for chromosome 'chr21'...
2022-01-13 17:31:59,287 - root - DEBUG - m=0, n=1
2022-01-13 17:31:59,287 - root - DEBUG - Started computing sf for chromosome 'chr22'...
2022-01-13 17:31:59,287 - root - DEBUG - m=2, n=2
2022-01-13 17:31:59,287 - root - DEBUG - Started computing sf for chromosome 'chrX'...
2022-01-13 17:31:59,287 - root - DEBUG - m=0, n=0
2022-01-13 17:31:59,287 - root - DEBUG - Started computing sf for chromosome 'chrY'...
2022-01-13 17:31:59,287 - root - DEBUG - m=0, n=0
2022-01-13 17:31:59,287 - root - DEBUG - Started computing joint logprobs...
2022-01-13 17:33:53,788 - root - INFO - Loading reference interval set from 'tcga_intervals.txt'...
2022-01-13 17:33:53,795 - root - INFO - Loading query interval set from 'hirt_intervals.txt'...
2022-01-13 17:33:53,795 - root - INFO - Loading chromosome sizes from 'chr_sizes.txt'...
2022-01-13 17:33:53,798 - root - INFO - Number of reference intervals: 101 (6521 before merging)
2022-01-13 17:33:53,799 - root - INFO - Number of query intervals: 116 (247 before merging)
2022-01-13 17:33:53,799 - root - INFO - Number of chromosomes: 24
2022-01-13 17:33:53,799 - root - INFO - Overlap count: 54
2022-01-13 17:33:53,799 - root - DEBUG - Started computing sf for chromosome 'chr1'...
2022-01-13 17:33:53,799 - root - DEBUG - m=9, n=18
2022-01-13 17:33:53,802 - root - DEBUG - Started computing sf for chromosome 'chr2'...
2022-01-13 17:33:53,802 - root - DEBUG - m=0, n=7
2022-01-13 17:33:53,802 - root - DEBUG - Started computing sf for chromosome 'chr3'...
2022-01-13 17:33:53,802 - root - DEBUG - m=3, n=8
2022-01-13 17:33:53,802 - root - DEBUG - Started computing sf for chromosome 'chr4'...
2022-01-13 17:33:53,802 - root - DEBUG - m=2, n=3
2022-01-13 17:33:53,803 - root - DEBUG - Started computing sf for chromosome 'chr5'...
2022-01-13 17:33:53,803 - root - DEBUG - m=10, n=2
2022-01-13 17:33:53,805 - root - DEBUG - Processing 10-th line out of 10 rows of DP table...
2022-01-13 17:33:53,805 - root - DEBUG - Started computing sf for chromosome 'chr6'...
2022-01-13 17:33:53,805 - root - DEBUG - m=2, n=7
2022-01-13 17:33:53,806 - root - DEBUG - Started computing sf for chromosome 'chr7'...
2022-01-13 17:33:53,806 - root - DEBUG - m=3, n=7
2022-01-13 17:33:53,806 - root - DEBUG - Started computing sf for chromosome 'chr8'...
2022-01-13 17:33:53,806 - root - DEBUG - m=5, n=7
2022-01-13 17:33:53,807 - root - DEBUG - Started computing sf for chromosome 'chr9'...
2022-01-13 17:33:53,807 - root - DEBUG - m=0, n=4
2022-01-13 17:33:53,807 - root - DEBUG - Started computing sf for chromosome 'chr10'...
2022-01-13 17:33:53,808 - root - DEBUG - m=1, n=4
2022-01-13 17:33:53,808 - root - DEBUG - Started computing sf for chromosome 'chr11'...
2022-01-13 17:33:53,808 - root - DEBUG - m=9, n=11
2022-01-13 17:33:53,811 - root - DEBUG - Started computing sf for chromosome 'chr12'...
2022-01-13 17:33:53,811 - root - DEBUG - m=16, n=12
2022-01-13 17:33:53,816 - root - DEBUG - Processing 10-th line out of 16 rows of DP table...
2022-01-13 17:33:53,818 - root - DEBUG - Started computing sf for chromosome 'chr13'...
2022-01-13 17:33:53,818 - root - DEBUG - m=0, n=1
2022-01-13 17:33:53,818 - root - DEBUG - Started computing sf for chromosome 'chr14'...
2022-01-13 17:33:53,818 - root - DEBUG - m=3, n=1
2022-01-13 17:33:53,819 - root - DEBUG - Started computing sf for chromosome 'chr15'...
2022-01-13 17:33:53,819 - root - DEBUG - m=0, n=3
2022-01-13 17:33:53,819 - root - DEBUG - Started computing sf for chromosome 'chr16'...
2022-01-13 17:33:53,819 - root - DEBUG - m=0, n=3
2022-01-13 17:33:53,819 - root - DEBUG - Started computing sf for chromosome 'chr17'...
2022-01-13 17:33:53,819 - root - DEBUG - m=18, n=8
2022-01-13 17:33:53,825 - root - DEBUG - Processing 10-th line out of 18 rows of DP table...
2022-01-13 17:33:53,828 - root - DEBUG - Started computing sf for chromosome 'chr18'...
2022-01-13 17:33:53,828 - root - DEBUG - m=1, n=1
2022-01-13 17:33:53,829 - root - DEBUG - Started computing sf for chromosome 'chr19'...
2022-01-13 17:33:53,829 - root - DEBUG - m=6, n=3
2022-01-13 17:33:53,830 - root - DEBUG - Started computing sf for chromosome 'chr20'...
2022-01-13 17:33:53,830 - root - DEBUG - m=11, n=3
2022-01-13 17:33:53,833 - root - DEBUG - Processing 10-th line out of 11 rows of DP table...
2022-01-13 17:33:53,833 - root - DEBUG - Started computing sf for chromosome 'chr21'...
2022-01-13 17:33:53,833 - root - DEBUG - m=0, n=1
2022-01-13 17:33:53,833 - root - DEBUG - Started computing sf for chromosome 'chr22'...
2022-01-13 17:33:53,833 - root - DEBUG - m=2, n=2
2022-01-13 17:33:53,834 - root - DEBUG - Started computing sf for chromosome 'chrX'...
2022-01-13 17:33:53,834 - root - DEBUG - m=0, n=0
2022-01-13 17:33:53,834 - root - DEBUG - Started computing sf for chromosome 'chrY'...
2022-01-13 17:33:53,834 - root - DEBUG - m=0, n=0
2022-01-13 17:33:53,834 - root - DEBUG - Started computing joint logprobs...
2022-01-13 17:33:53,916 - root - INFO - p-value: 0.00020210773026095
